\BOOKMARK [1][-]{section.1}{\376\377\000T\000h\000e\000\040\000G\000l\000o\000b\000a\000l\000\040\000F\000i\000n\000a\000n\000c\000i\000a\000l\000\040\000S\000y\000s\000t\000e\000m}{}% 1
\BOOKMARK [1][-]{section.2}{\376\377\000T\000h\000e\000\040\000F\000i\000n\000a\000n\000c\000i\000a\000l\000\040\000S\000y\000s\000t\000e\000m}{}% 2
\BOOKMARK [1][-]{section.3}{\376\377\000T\000h\000e\000\040\000F\000i\000n\000a\000n\000c\000i\000a\000l\000\040\000S\000y\000s\000t\000e\000m\000s\000\040\000o\000f\000\040\000C\000A\000R\000I\000C\000O\000M}{}% 3
\BOOKMARK [1][-]{section.4}{\376\377\000T\000h\000e\000\040\000F\000u\000n\000c\000t\000i\000o\000n\000\040\000o\000f\000\040\000F\000i\000n\000a\000n\000c\000i\000a\000l\000\040\000M\000a\000r\000k\000e\000t\000s}{}% 4
\BOOKMARK [2][-]{subsection.4.1}{\376\377\000D\000i\000r\000e\000c\000t\000\040\000F\000i\000n\000a\000n\000c\000e}{section.4}% 5
\BOOKMARK [2][-]{subsection.4.2}{\376\377\000I\000n\000d\000i\000r\000e\000c\000t\000\040\000F\000i\000n\000a\000n\000c\000e}{section.4}% 6
\BOOKMARK [1][-]{section.5}{\376\377\000T\000h\000e\000\040\000S\000t\000r\000u\000c\000t\000u\000r\000e\000\040\000o\000f\000\040\000F\000i\000n\000a\000n\000c\000i\000a\000l\000\040\000M\000a\000r\000k\000e\000t\000s}{}% 7
\BOOKMARK [2][-]{subsection.5.1}{\376\377\000D\000e\000b\000t\000\040\000a\000n\000d\000\040\000E\000q\000u\000i\000t\000y\000\040\000M\000a\000r\000k\000e\000t\000s}{section.5}% 8
\BOOKMARK [2][-]{subsection.5.2}{\376\377\000P\000r\000i\000m\000a\000r\000y\000\040\000a\000n\000d\000\040\000S\000e\000c\000o\000n\000d\000a\000r\000y\000\040\000M\000a\000r\000k\000e\000t\000s}{section.5}% 9
\BOOKMARK [2][-]{subsection.5.3}{\376\377\000E\000x\000c\000h\000a\000n\000g\000e\000s\000\040\000a\000n\000d\000\040\000O\000v\000e\000r\000-\000t\000h\000e\000-\000C\000o\000u\000n\000t\000e\000r\000\040\000M\000a\000r\000k\000e\000t\000s}{section.5}% 10
\BOOKMARK [2][-]{subsection.5.4}{\376\377\000M\000o\000n\000e\000y\000\040\000a\000n\000d\000\040\000C\000a\000p\000i\000t\000a\000l\000\040\000M\000a\000r\000k\000e\000t\000s}{section.5}% 11
\BOOKMARK [1][-]{section.6}{\376\377\000T\000r\000a\000n\000s\000a\000c\000t\000i\000o\000n\000\040\000C\000o\000s\000t\000s}{}% 12
\BOOKMARK [2][-]{subsection.6.1}{\376\377\000T\000r\000a\000n\000s\000a\000c\000t\000i\000o\000n\000\040\000c\000o\000s\000t\000s\000\040\000a\000n\000d\000\040\000F\000i\000n\000a\000n\000c\000i\000a\000l\000\040\000I\000n\000t\000e\000r\000m\000e\000d\000i\000a\000r\000i\000e\000s}{section.6}% 13
\BOOKMARK [1][-]{section.7}{\376\377\000R\000i\000s\000k\000\040\000S\000h\000a\000r\000i\000n\000g}{}% 14
\BOOKMARK [2][-]{subsection.7.1}{\376\377\000R\000i\000s\000k\000\040\000S\000h\000a\000r\000i\000n\000g\000\040\000a\000n\000d\000\040\000F\000i\000n\000a\000n\000c\000i\000a\000l\000\040\000I\000n\000t\000e\000r\000m\000e\000d\000i\000a\000r\000i\000e\000s}{section.7}% 15
\BOOKMARK [1][-]{section.8}{\376\377\000I\000n\000f\000o\000r\000m\000a\000t\000i\000o\000n\000\040\000C\000o\000s\000t\000s\000\040\000/\000\040\000A\000s\000y\000m\000m\000e\000t\000r\000i\000c\000\040\000I\000n\000f\000o\000r\000m\000a\000t\000i\000o\000n}{}% 16
\BOOKMARK [2][-]{subsection.8.1}{\376\377\000A\000s\000y\000m\000m\000e\000t\000r\000i\000c\000\040\000I\000n\000f\000o\000r\000m\000a\000t\000i\000o\000n\000\040\000a\000n\000d\000\040\000F\000i\000n\000a\000n\000c\000i\000a\000l\000\040\000I\000n\000t\000e\000r\000m\000e\000d\000i\000a\000r\000i\000e\000s}{section.8}% 17
\BOOKMARK [1][-]{section.9}{\376\377\000F\000i\000n\000a\000n\000c\000i\000a\000l\000\040\000M\000a\000r\000k\000e\000t\000\040\000I\000n\000f\000r\000a\000s\000t\000r\000u\000c\000t\000u\000r\000e\000\040\000\050\000F\000M\000I\000\051}{}% 18
\BOOKMARK [2][-]{subsection.9.1}{\376\377\000T\000h\000e\000\040\000C\000a\000r\000i\000b\000b\000e\000a\000n\040\031\000s\000\040\000F\000i\000n\000a\000n\000c\000i\000a\000l\000\040\000M\000a\000r\000k\000e\000t\000\040\000I\000n\000f\000r\000a\000s\000t\000r\000u\000c\000t\000u\000r\000e}{section.9}% 19
\BOOKMARK [1][-]{section.10}{\376\377\000T\000y\000p\000e\000s\000\040\000o\000f\000\040\000F\000i\000n\000a\000n\000c\000i\000a\000l\000\040\000I\000n\000s\000t\000i\000t\000u\000t\000i\000o\000n\000s}{}% 20
\BOOKMARK [1][-]{section.11}{\376\377\000R\000e\000g\000u\000l\000a\000t\000i\000o\000n\000\040\000o\000f\000\040\000F\000i\000n\000a\000n\000c\000i\000a\000l\000\040\000I\000n\000s\000t\000i\000t\000u\000t\000i\000o\000n\000s}{}% 21
\BOOKMARK [2][-]{subsection.11.1}{\376\377\000M\000i\000c\000r\000o\000-\000p\000r\000u\000d\000e\000n\000t\000i\000a\000l\000\040\000R\000e\000g\000u\000l\000a\000t\000i\000o\000n\000\040\000a\000n\000d\000\040\000S\000u\000p\000e\000r\000v\000i\000s\000i\000o\000n}{section.11}% 22
\BOOKMARK [2][-]{subsection.11.2}{\376\377\000M\000a\000c\000r\000o\000-\000p\000r\000u\000d\000e\000n\000t\000i\000a\000l\000\040\000R\000e\000g\000u\000l\000a\000t\000i\000o\000n\000\040\000a\000n\000d\000\040\000S\000u\000p\000e\000r\000v\000i\000s\000i\000o\000n}{section.11}% 23
\BOOKMARK [1][-]{section.12}{\376\377\000P\000r\000o\000b\000l\000e\000m\000\040\000S\000e\000t\000\040\0001}{}% 24
\BOOKMARK [2][-]{subsection.12.1}{\376\377\000T\000h\000e\000o\000r\000i\000e\000s\000\040\000B\000a\000s\000e\000d\000\040\000o\000n\000\040\000I\000n\000f\000o\000r\000m\000a\000t\000i\000o\000n\000\040\000A\000s\000y\000m\000m\000e\000t\000r\000y}{section.12}% 25
\BOOKMARK [2][-]{subsection.12.2}{\376\377\000T\000h\000e\000o\000r\000i\000e\000s\000\040\000B\000a\000s\000e\000d\000\040\000o\000n\000\040\000T\000r\000a\000n\000s\000a\000c\000t\000i\000o\000n\000\040\000C\000o\000s\000t\000s\000\040\000a\000n\000d\000\040\000E\000f\000f\000i\000c\000i\000e\000n\000c\000y}{section.12}% 26
\BOOKMARK [2][-]{subsection.12.3}{\376\377\000T\000h\000e\000o\000r\000i\000e\000s\000\040\000B\000a\000s\000e\000d\000\040\000o\000n\000\040\000L\000i\000q\000u\000i\000d\000i\000t\000y\000\040\000a\000n\000d\000\040\000R\000i\000s\000k\000\040\000M\000a\000n\000a\000g\000e\000m\000e\000n\000t}{section.12}% 27
\BOOKMARK [2][-]{subsection.12.4}{\376\377\000T\000h\000e\000o\000r\000i\000e\000s\000\040\000B\000a\000s\000e\000d\000\040\000o\000n\000\040\000R\000e\000g\000u\000l\000a\000t\000o\000r\000y\000\040\000C\000o\000n\000s\000t\000r\000a\000i\000n\000t\000s\000\040\000a\000n\000d\000\040\000P\000o\000l\000i\000c\000y\000\040\000I\000m\000p\000l\000i\000c\000a\000t\000i\000o\000n\000s}{section.12}% 28
\BOOKMARK [2][-]{subsection.12.5}{\376\377\000T\000h\000e\000o\000r\000i\000e\000s\000\040\000L\000i\000n\000k\000i\000n\000g\000\040\000F\000i\000n\000a\000n\000c\000i\000a\000l\000\040\000I\000n\000t\000e\000r\000m\000e\000d\000i\000a\000t\000i\000o\000n\000\040\000t\000o\000\040\000E\000c\000o\000n\000o\000m\000i\000c\000\040\000D\000e\000v\000e\000l\000o\000p\000m\000e\000n\000t}{section.12}% 29
\BOOKMARK [1][-]{section.13}{\376\377\000D\000e\000l\000e\000g\000a\000t\000e\000d\000\040\000M\000o\000n\000i\000t\000o\000r\000i\000n\000g}{}% 30
\BOOKMARK [1][-]{section.14}{\376\377\000T\000r\000a\000n\000s\000a\000c\000t\000i\000o\000n\000\040\000C\000o\000s\000t\000s\000\040\000T\000h\000e\000o\000r\000y}{}% 31
\BOOKMARK [1][-]{section.15}{\376\377\000L\000i\000q\000u\000i\000d\000i\000t\000y\000\040\000T\000r\000a\000n\000s\000f\000o\000r\000m\000a\000t\000i\000o\000n\000\040\000T\000h\000e\000o\000r\000y\000\040\000\050\000D\000i\000a\000m\000o\000n\000d\000-\000D\000y\000b\000v\000i\000g\000\040\000M\000o\000d\000e\000l\000\051}{}% 32
\BOOKMARK [2][-]{subsection.15.1}{\376\377\000T\000h\000e\000\040\000D\000e\000m\000a\000n\000d\000\040\000f\000o\000r\000\040\000a\000n\000d\000\040\000P\000r\000o\000v\000i\000s\000i\000o\000n\000\040\000o\000f\000\040\000L\000i\000q\000u\000i\000d\000i\000t\000y}{section.15}% 33
\BOOKMARK [2][-]{subsection.15.2}{\376\377\000V\000u\000l\000n\000e\000r\000a\000b\000i\000l\000i\000t\000y\000\040\000t\000o\000\040\000B\000a\000n\000k\000\040\000R\000u\000n\000s}{section.15}% 34
\BOOKMARK [2][-]{subsection.15.3}{\376\377\000K\000e\000y\000\040\000M\000e\000c\000h\000a\000n\000i\000s\000m\000s\000\040\000a\000n\000d\000\040\000A\000s\000s\000u\000m\000p\000t\000i\000o\000n\000s}{section.15}% 35
\BOOKMARK [2][-]{subsection.15.4}{\376\377\000I\000m\000p\000l\000i\000c\000a\000t\000i\000o\000n\000s\000\040\000a\000n\000d\000\040\000E\000x\000t\000e\000n\000s\000i\000o\000n\000s}{section.15}% 36
\BOOKMARK [1][-]{section.16}{\376\377\000F\000i\000n\000a\000n\000c\000i\000a\000l\000\040\000A\000c\000c\000e\000l\000e\000r\000a\000t\000o\000r\000\040\000T\000h\000e\000o\000r\000y}{}% 37
\BOOKMARK [2][-]{subsection.16.1}{\376\377\000C\000r\000e\000d\000i\000t\000\040\000M\000a\000r\000k\000e\000t\000\040\000F\000r\000i\000c\000t\000i\000o\000n\000s\000\040\000a\000n\000d\000\040\000t\000h\000e\000\040\000E\000x\000t\000e\000r\000n\000a\000l\000\040\000F\000i\000n\000a\000n\000c\000e\000\040\000P\000r\000e\000m\000i\000u\000m}{section.16}% 38
\BOOKMARK [2][-]{subsection.16.2}{\376\377\000T\000h\000e\000\040\000F\000i\000n\000a\000n\000c\000i\000a\000l\000\040\000A\000c\000c\000e\000l\000e\000r\000a\000t\000o\000r\000\040\000M\000e\000c\000h\000a\000n\000i\000s\000m}{section.16}% 39
\BOOKMARK [2][-]{subsection.16.3}{\376\377\000K\000e\000y\000\040\000I\000m\000p\000l\000i\000c\000a\000t\000i\000o\000n\000s\000\040\000a\000n\000d\000\040\000E\000x\000t\000e\000n\000s\000i\000o\000n\000s}{section.16}% 40
\BOOKMARK [1][-]{section.17}{\376\377\000F\000i\000n\000a\000n\000c\000i\000a\000l\000\040\000R\000e\000p\000r\000e\000s\000s\000i\000o\000n\000\040\000T\000h\000e\000o\000r\000y}{}% 41
\BOOKMARK [2][-]{subsection.17.1}{\376\377\000T\000h\000e\000\040\000R\000o\000l\000e\000\040\000o\000f\000\040\000R\000e\000a\000l\000\040\000I\000n\000t\000e\000r\000e\000s\000t\000\040\000R\000a\000t\000e\000s}{section.17}% 42
\BOOKMARK [2][-]{subsection.17.2}{\376\377\000I\000m\000p\000a\000c\000t\000\040\000o\000n\000\040\000F\000i\000n\000a\000n\000c\000i\000a\000l\000\040\000I\000n\000t\000e\000r\000m\000e\000d\000i\000a\000t\000i\000o\000n}{section.17}% 43
\BOOKMARK [2][-]{subsection.17.3}{\376\377\000R\000e\000l\000a\000t\000i\000o\000n\000s\000h\000i\000p\000\040\000w\000i\000t\000h\000\040\000E\000c\000o\000n\000o\000m\000i\000c\000\040\000G\000r\000o\000w\000t\000h}{section.17}% 44
\BOOKMARK [1][-]{section.18}{\376\377\000P\000r\000o\000b\000l\000e\000m\000\040\000S\000e\000t\000\040\0002}{}% 45
\BOOKMARK [2][-]{subsection.18.1}{\376\377\000K\000e\000y\000\040\000A\000s\000p\000e\000c\000t\000s\000\040\000o\000f\000\040\000F\000i\000n\000a\000n\000c\000i\000a\000l\000\040\000I\000n\000t\000e\000r\000m\000e\000d\000i\000a\000t\000i\000o\000n}{section.18}% 46
\BOOKMARK [2][-]{subsection.18.2}{\376\377\000S\000t\000r\000u\000c\000t\000u\000r\000e\000\040\000o\000f\000\040\000F\000i\000n\000a\000n\000c\000i\000a\000l\000\040\000S\000y\000s\000t\000e\000m\000s}{section.18}% 47
\BOOKMARK [2][-]{subsection.18.3}{\376\377\000I\000m\000p\000e\000d\000i\000m\000e\000n\000t\000s\000\040\000t\000o\000\040\000F\000i\000n\000a\000n\000c\000i\000a\000l\000\040\000A\000c\000c\000e\000s\000s}{section.18}% 48
\BOOKMARK [2][-]{subsection.18.4}{\376\377\000O\000t\000h\000e\000r\000\040\000I\000n\000f\000l\000u\000e\000n\000c\000i\000n\000g\000\040\000F\000a\000c\000t\000o\000r\000s}{section.18}% 49
\BOOKMARK [1][-]{section.19}{\376\377\000N\000e\000a\000r\000-\000B\000a\000n\000k\000\040\000F\000i\000n\000a\000n\000c\000i\000a\000l\000\040\000I\000n\000t\000e\000r\000m\000e\000d\000i\000a\000r\000i\000e\000s\000:\000\040\000C\000r\000e\000d\000i\000t\000\040\000U\000n\000i\000o\000n\000s}{}% 50
\BOOKMARK [2][-]{subsection.19.1}{\376\377\000D\000e\000f\000i\000n\000i\000t\000i\000o\000n\000\040\000a\000n\000d\000\040\000P\000r\000i\000n\000c\000i\000p\000l\000e\000s}{section.19}% 51
\BOOKMARK [2][-]{subsection.19.2}{\376\377\000K\000e\000y\000\040\000C\000h\000a\000r\000a\000c\000t\000e\000r\000i\000s\000t\000i\000c\000s}{section.19}% 52
\BOOKMARK [2][-]{subsection.19.3}{\376\377\000R\000o\000l\000e\000\040\000i\000n\000\040\000F\000i\000n\000a\000n\000c\000i\000a\000l\000\040\000I\000n\000t\000e\000r\000m\000e\000d\000i\000a\000t\000i\000o\000n}{section.19}% 53
\BOOKMARK [1][-]{section.20}{\376\377\000N\000o\000n\000-\000B\000a\000n\000k\000\040\000F\000i\000n\000a\000n\000c\000i\000a\000l\000\040\000I\000n\000t\000e\000r\000m\000e\000d\000i\000a\000r\000i\000e\000s\000:\000\040\000I\000n\000s\000u\000r\000a\000n\000c\000e\000\040\000C\000o\000m\000p\000a\000n\000i\000e\000s}{}% 54
\BOOKMARK [2][-]{subsection.20.1}{\376\377\000F\000u\000n\000d\000a\000m\000e\000n\000t\000a\000l\000s\000\040\000o\000f\000\040\000I\000n\000s\000u\000r\000a\000n\000c\000e}{section.20}% 55
\BOOKMARK [2][-]{subsection.20.2}{\376\377\000M\000a\000c\000r\000o\000e\000c\000o\000n\000o\000m\000i\000c\000\040\000R\000o\000l\000e}{section.20}% 56
\BOOKMARK [2][-]{subsection.20.3}{\376\377\000A\000d\000d\000r\000e\000s\000s\000i\000n\000g\000\040\000A\000s\000y\000m\000m\000e\000t\000r\000i\000c\000\040\000I\000n\000f\000o\000r\000m\000a\000t\000i\000o\000n}{section.20}% 57
\BOOKMARK [2][-]{subsection.20.4}{\376\377\000T\000y\000p\000e\000s\000\040\000o\000f\000\040\000I\000n\000s\000u\000r\000a\000n\000c\000e}{section.20}% 58
\BOOKMARK [2][-]{subsection.20.5}{\376\377\000R\000i\000s\000k\000\040\000M\000a\000n\000a\000g\000e\000m\000e\000n\000t\000\040\000i\000n\000\040\000t\000h\000e\000\040\000I\000n\000s\000u\000r\000a\000n\000c\000e\000\040\000I\000n\000d\000u\000s\000t\000r\000y}{section.20}% 59
\BOOKMARK [1][-]{section.21}{\376\377\000O\000t\000h\000e\000r\000\040\000F\000i\000n\000a\000n\000c\000i\000a\000l\000\040\000I\000n\000t\000e\000r\000m\000e\000d\000i\000a\000r\000i\000e\000s}{}% 60
\BOOKMARK [2][-]{subsection.21.1}{\376\377\000A\000s\000s\000e\000t\000\040\000M\000a\000n\000a\000g\000e\000r\000s}{section.21}% 61
\BOOKMARK [2][-]{subsection.21.2}{\376\377\000M\000u\000t\000u\000a\000l\000\040\000F\000u\000n\000d\000s}{section.21}% 62
\BOOKMARK [1][-]{section.22}{\376\377\000C\000o\000n\000c\000l\000u\000s\000i\000o\000n}{}% 63
\BOOKMARK [1][-]{section.23}{\376\377\000R\000e\000f\000e\000r\000e\000n\000c\000e\000s}{}% 64
\BOOKMARK [1][-]{section.24}{\376\377\000T\000h\000e\000\040\000U\000.\000S\000.\000\040\000F\000e\000d\000e\000r\000a\000l\000\040\000R\000e\000s\000e\000r\000v\000e\000\040\000S\000y\000s\000t\000e\000m}{}% 65
\BOOKMARK [2][-]{subsection.24.1}{\376\377\000S\000t\000r\000u\000c\000t\000u\000r\000e}{section.24}% 66
\BOOKMARK [2][-]{subsection.24.2}{\376\377\000I\000n\000d\000e\000p\000e\000n\000d\000e\000n\000c\000e}{section.24}% 67
\BOOKMARK [1][-]{section.25}{\376\377\000S\000t\000r\000u\000c\000t\000u\000r\000e\000\040\000a\000n\000d\000\040\000I\000n\000d\000e\000p\000e\000n\000d\000e\000n\000c\000e\000\040\000o\000f\000\040\000O\000t\000h\000e\000r\000\040\000M\000a\000j\000o\000r\000\040\000C\000e\000n\000t\000r\000a\000l\000\040\000B\000a\000n\000k\000s}{}% 68
\BOOKMARK [2][-]{subsection.25.1}{\376\377\000E\000u\000r\000o\000p\000e\000a\000n\000\040\000C\000e\000n\000t\000r\000a\000l\000\040\000B\000a\000n\000k\000\040\000\050\000E\000C\000B\000\051}{section.25}% 69
\BOOKMARK [2][-]{subsection.25.2}{\376\377\000B\000a\000n\000k\000\040\000o\000f\000\040\000E\000n\000g\000l\000a\000n\000d\000\040\000\050\000B\000o\000E\000\051}{section.25}% 70
\BOOKMARK [2][-]{subsection.25.3}{\376\377\000B\000a\000n\000k\000\040\000o\000f\000\040\000C\000a\000n\000a\000d\000a\000\040\000\050\000B\000o\000C\000\051}{section.25}% 71
\BOOKMARK [2][-]{subsection.25.4}{\376\377\000B\000r\000i\000e\000f\000\040\000C\000o\000m\000p\000a\000r\000i\000s\000o\000n}{section.25}% 72
\BOOKMARK [1][-]{section.26}{\376\377\000T\000h\000e\000\040\000E\000u\000r\000o\000p\000e\000a\000n\000\040\000S\000y\000s\000t\000e\000m\000i\000c\000\040\000R\000i\000s\000k\000\040\000B\000o\000a\000r\000d\000\040\000\050\000E\000S\000R\000B\000\051}{}% 73
\BOOKMARK [1][-]{section.27}{\376\377\000M\000o\000n\000e\000t\000a\000r\000y\000\040\000P\000o\000l\000i\000c\000y\000\040\000I\000m\000p\000l\000e\000m\000e\000n\000t\000a\000t\000i\000o\000n}{}% 74
\BOOKMARK [2][-]{subsection.27.1}{\376\377\000O\000b\000j\000e\000c\000t\000i\000v\000e\000s}{section.27}% 75
\BOOKMARK [2][-]{subsection.27.2}{\376\377\000T\000o\000o\000l\000s\000\040\000i\000n\000\040\000N\000o\000r\000m\000a\000l\000\040\000T\000i\000m\000e\000s\000\040\000\050\000P\000r\000e\000-\000C\000r\000i\000s\000i\000s\000\051}{section.27}% 76
\BOOKMARK [2][-]{subsection.27.3}{\376\377\000T\000o\000o\000l\000s\000\040\000a\000n\000d\000\040\000S\000t\000r\000a\000t\000e\000g\000i\000e\000s\000\040\000i\000n\000\040\000C\000r\000i\000s\000i\000s\000\040\000T\000i\000m\000e\000s\000\040\000\050\000P\000o\000s\000t\000-\0002\0000\0000\0007\000\051}{section.27}% 77
\BOOKMARK [1][-]{section.28}{\376\377\000C\000e\000n\000t\000r\000a\000l\000\040\000B\000a\000n\000k\000i\000n\000g\000\040\000a\000n\000d\000\040\000M\000o\000n\000e\000t\000a\000r\000y\000\040\000P\000o\000l\000i\000c\000y\000\040\000i\000n\000\040\000t\000h\000e\000\040\000C\000a\000r\000i\000b\000b\000e\000a\000n}{}% 78
\BOOKMARK [2][-]{subsection.28.1}{\376\377\000O\000v\000e\000r\000v\000i\000e\000w}{section.28}% 79
\BOOKMARK [2][-]{subsection.28.2}{\376\377\000E\000x\000a\000m\000p\000l\000e\000s\000\040\000o\000f\000\040\000C\000a\000r\000i\000b\000b\000e\000a\000n\000\040\000C\000e\000n\000t\000r\000a\000l\000\040\000B\000a\000n\000k\000s}{section.28}% 80
\BOOKMARK [2][-]{subsection.28.3}{\376\377\000F\000i\000n\000a\000n\000c\000i\000a\000l\000\040\000I\000n\000t\000e\000r\000m\000e\000d\000i\000a\000t\000i\000o\000n\000\040\000a\000n\000d\000\040\000R\000e\000g\000u\000l\000a\000t\000i\000o\000n}{section.28}% 81
\BOOKMARK [2][-]{subsection.28.4}{\376\377\000C\000o\000m\000m\000o\000n\000\040\000M\000o\000n\000e\000t\000a\000r\000y\000\040\000T\000o\000o\000l\000s}{section.28}% 82
\BOOKMARK [1][-]{section.29}{\376\377\000C\000o\000n\000c\000l\000u\000s\000i\000o\000n}{}% 83
\BOOKMARK [1][-]{section.30}{\376\377\000P\000r\000o\000b\000l\000e\000m\000\040\000S\000e\000t\000\040\0004}{}% 84
\BOOKMARK [1][-]{section.31}{\376\377\000G\000o\000a\000l\000s\000,\000\040\000I\000n\000s\000t\000r\000u\000m\000e\000n\000t\000s\000,\000\040\000a\000n\000d\000\040\000S\000t\000r\000a\000t\000e\000g\000y}{}% 85
\BOOKMARK [2][-]{subsection.31.1}{\376\377\000O\000v\000e\000r\000a\000l\000l\000\040\000O\000b\000j\000e\000c\000t\000i\000v\000e\000s\000\040\000o\000f\000\040\000C\000e\000n\000t\000r\000a\000l\000\040\000B\000a\000n\000k\000s}{section.31}% 86
\BOOKMARK [2][-]{subsection.31.2}{\376\377\000I\000n\000t\000e\000r\000m\000e\000d\000i\000a\000t\000e\000\040\000T\000a\000r\000g\000e\000t\000s\000\040\000a\000n\000d\000\040\000C\000r\000i\000t\000e\000r\000i\000a}{section.31}% 87
\BOOKMARK [2][-]{subsection.31.3}{\376\377\000P\000o\000l\000i\000c\000y\000\040\000I\000n\000s\000t\000r\000u\000m\000e\000n\000t\000s\000\040\000\050\000T\000o\000o\000l\000s\000\051}{section.31}% 88
\BOOKMARK [1][-]{section.32}{\376\377\000T\000h\000e\000\040\000M\000o\000n\000e\000t\000a\000r\000y\000\040\000P\000o\000l\000i\000c\000y\000\040\000I\000m\000p\000l\000e\000m\000e\000n\000t\000a\000t\000i\000o\000n\000\040\000F\000r\000a\000m\000e\000w\000o\000r\000k}{}% 89
\BOOKMARK [2][-]{subsection.32.1}{\376\377\000C\000o\000r\000e\000\040\000P\000r\000i\000n\000c\000i\000p\000l\000e\000s}{section.32}% 90
\BOOKMARK [2][-]{subsection.32.2}{\376\377\000T\000h\000e\000\040\000M\000a\000r\000k\000e\000t\000\040\000f\000o\000r\000\040\000R\000e\000s\000e\000r\000v\000e\000s\000\040\000a\000n\000d\000\040\000R\000a\000t\000e\000\040\000S\000t\000a\000b\000i\000l\000i\000z\000a\000t\000i\000o\000n}{section.32}% 91
\BOOKMARK [1][-]{section.33}{\376\377\000M\000o\000n\000e\000t\000a\000r\000y\000\040\000P\000o\000l\000i\000c\000y\000\040\000T\000o\000o\000l\000s\000\040\000i\000n\000\040\000D\000e\000t\000a\000i\000l}{}% 92
\BOOKMARK [2][-]{subsection.33.1}{\376\377\000O\000p\000e\000n\000\040\000M\000a\000r\000k\000e\000t\000\040\000O\000p\000e\000r\000a\000t\000i\000o\000n\000s\000\040\000\050\000O\000M\000O\000s\000\051}{section.33}% 93
\BOOKMARK [2][-]{subsection.33.2}{\376\377\000D\000i\000s\000c\000o\000u\000n\000t\000\040\000P\000o\000l\000i\000c\000y}{section.33}% 94
\BOOKMARK [2][-]{subsection.33.3}{\376\377\000E\000m\000e\000r\000g\000e\000n\000c\000y\000\040\000L\000i\000q\000u\000i\000d\000i\000t\000y\000\040\000A\000s\000s\000i\000s\000t\000a\000n\000c\000e\000\040\000\050\000L\000e\000n\000d\000e\000r\000\040\000o\000f\000\040\000L\000a\000s\000t\000\040\000R\000e\000s\000o\000r\000t\000\051}{section.33}% 95
\BOOKMARK [2][-]{subsection.33.4}{\376\377\000R\000e\000s\000e\000r\000v\000e\000\040\000R\000e\000q\000u\000i\000r\000e\000m\000e\000n\000t\000s}{section.33}% 96
\BOOKMARK [1][-]{section.34}{\376\377\000C\000o\000n\000c\000l\000u\000s\000i\000o\000n}{}% 97
\BOOKMARK [1][-]{section.35}{\376\377\000P\000r\000o\000b\000l\000e\000m\000\040\000S\000e\000t\000\040\0005}{}% 98
\BOOKMARK [2][-]{subsection.35.1}{\376\377\000Q\000u\000e\000s\000t\000i\000o\000n\000\040\0002\000\040\000S\000o\000l\000u\000t\000i\000o\000n}{section.35}% 99
\BOOKMARK [2][-]{subsection.35.2}{\376\377\000T\000h\000e\000\040\000B\000a\000l\000a\000n\000c\000e\000\040\000S\000h\000e\000e\000t\000\040\000o\000f\000\040\000a\000\040\000C\000o\000m\000m\000e\000r\000c\000i\000a\000l\000\040\000B\000a\000n\000k}{section.35}% 100
\BOOKMARK [3][-]{subsubsection.35.2.1}{\376\377\000K\000e\000y\000\040\000C\000o\000m\000p\000o\000n\000e\000n\000t\000s}{subsection.35.2}% 101
\BOOKMARK [2][-]{subsection.35.3}{\376\377\000B\000a\000s\000i\000c\000\040\000B\000a\000n\000k\000i\000n\000g\000\040\000O\000p\000e\000r\000a\000t\000i\000o\000n\000s\000\040\000a\000n\000d\000\040\000M\000a\000n\000a\000g\000e\000m\000e\000n\000t}{section.35}% 102
\BOOKMARK [2][-]{subsection.35.4}{\376\377\000O\000f\000f\000-\000B\000a\000l\000a\000n\000c\000e\000-\000S\000h\000e\000e\000t\000\040\000A\000c\000t\000i\000v\000i\000t\000i\000e\000s}{section.35}% 103
\BOOKMARK [2][-]{subsection.35.5}{\376\377\000R\000i\000s\000k\000\040\000M\000a\000n\000a\000g\000e\000m\000e\000n\000t\000\040\000i\000n\000\040\000F\000i\000n\000a\000n\000c\000i\000a\000l\000\040\000I\000n\000s\000t\000i\000t\000u\000t\000i\000o\000n\000s}{section.35}% 104
\BOOKMARK [2][-]{subsection.35.6}{\376\377\000I\000n\000t\000e\000r\000e\000s\000t\000\040\000R\000a\000t\000e\000\040\000R\000i\000s\000k\000\040\000M\000a\000n\000a\000g\000e\000m\000e\000n\000t}{section.35}% 105
\BOOKMARK [3][-]{subsubsection.35.6.1}{\376\377\000U\000n\000d\000e\000r\000s\000t\000a\000n\000d\000i\000n\000g\000\040\000I\000n\000t\000e\000r\000e\000s\000t\000\040\000R\000a\000t\000e\000\040\000R\000i\000s\000k}{subsection.35.6}% 106
\BOOKMARK [3][-]{subsubsection.35.6.2}{\376\377\000M\000e\000a\000s\000u\000r\000i\000n\000g\000\040\000I\000n\000t\000e\000r\000e\000s\000t\000\040\000R\000a\000t\000e\000\040\000R\000i\000s\000k}{subsection.35.6}% 107
\BOOKMARK [3][-]{subsubsection.35.6.3}{\376\377\000S\000t\000r\000a\000t\000e\000g\000i\000e\000s\000\040\000t\000o\000\040\000M\000i\000t\000i\000g\000a\000t\000e\000\040\000I\000n\000t\000e\000r\000e\000s\000t\000\040\000R\000a\000t\000e\000\040\000R\000i\000s\000k}{subsection.35.6}% 108
\BOOKMARK [2][-]{subsection.35.7}{\376\377\000L\000i\000q\000u\000i\000d\000i\000t\000y\000\040\000R\000i\000s\000k\000\040\000M\000a\000n\000a\000g\000e\000m\000e\000n\000t}{section.35}% 109
\BOOKMARK [3][-]{subsubsection.35.7.1}{\376\377\000U\000n\000d\000e\000r\000s\000t\000a\000n\000d\000i\000n\000g\000\040\000L\000i\000q\000u\000i\000d\000i\000t\000y\000\040\000R\000i\000s\000k}{subsection.35.7}% 110
\BOOKMARK [3][-]{subsubsection.35.7.2}{\376\377\000T\000e\000c\000h\000n\000i\000q\000u\000e\000s\000\040\000f\000o\000r\000\040\000M\000a\000n\000a\000g\000i\000n\000g\000\040\000L\000i\000q\000u\000i\000d\000i\000t\000y\000\040\000R\000i\000s\000k}{subsection.35.7}% 111
\BOOKMARK [2][-]{subsection.35.8}{\376\377\000C\000r\000e\000d\000i\000t\000\040\000R\000i\000s\000k\000\040\000M\000a\000n\000a\000g\000e\000m\000e\000n\000t}{section.35}% 112
\BOOKMARK [3][-]{subsubsection.35.8.1}{\376\377\000U\000n\000d\000e\000r\000s\000t\000a\000n\000d\000i\000n\000g\000\040\000C\000r\000e\000d\000i\000t\000\040\000R\000i\000s\000k}{subsection.35.8}% 113
\BOOKMARK [3][-]{subsubsection.35.8.2}{\376\377\000E\000v\000a\000l\000u\000a\000t\000i\000n\000g\000\040\000C\000r\000e\000d\000i\000t\000\040\000R\000i\000s\000k}{subsection.35.8}% 114
\BOOKMARK [3][-]{subsubsection.35.8.3}{\376\377\000S\000t\000r\000a\000t\000e\000g\000i\000e\000s\000\040\000t\000o\000\040\000M\000i\000t\000i\000g\000a\000t\000e\000\040\000C\000r\000e\000d\000i\000t\000\040\000R\000i\000s\000k}{subsection.35.8}% 115
\BOOKMARK [3][-]{subsubsection.35.8.4}{\376\377\000S\000t\000r\000e\000s\000s\000\040\000T\000e\000s\000t\000i\000n\000g\000\040\000a\000n\000d\000\040\000C\000a\000p\000i\000t\000a\000l\000\040\000A\000d\000e\000q\000u\000a\000c\000y}{subsection.35.8}% 116
\BOOKMARK [2][-]{subsection.35.9}{\376\377\000R\000e\000g\000u\000l\000a\000t\000o\000r\000y\000\040\000F\000r\000a\000m\000e\000w\000o\000r\000k\000s\000:\000\040\000T\000h\000e\000\040\000B\000a\000s\000e\000l\000\040\000A\000c\000c\000o\000r\000d\000s}{section.35}% 117
\BOOKMARK [2][-]{subsection.35.10}{\376\377\000C\000o\000m\000p\000a\000r\000i\000s\000o\000n\000\040\000w\000i\000t\000h\000\040\000t\000h\000e\000\040\000I\000n\000s\000u\000r\000a\000n\000c\000e\000\040\000S\000e\000c\000t\000o\000r}{section.35}% 118
\BOOKMARK [2][-]{subsection.35.11}{\376\377\000K\000e\000y\000\040\000D\000i\000f\000f\000e\000r\000e\000n\000c\000e\000s\000:\000\040\000B\000a\000n\000k\000i\000n\000g\000\040\000v\000s\000.\000\040\000I\000n\000s\000u\000r\000a\000n\000c\000e}{section.35}% 119
\BOOKMARK [2][-]{subsection.35.12}{\376\377\000S\000t\000y\000l\000i\000z\000e\000d\000\040\000B\000a\000l\000a\000n\000c\000e\000\040\000S\000h\000e\000e\000t\000\040\000a\000n\000d\000\040\000R\000e\000g\000u\000l\000a\000t\000i\000o\000n\000\040\000\050\000S\000o\000l\000v\000e\000n\000c\000y\000\040\000I\000I\000\051}{section.35}% 120
\BOOKMARK [1][-]{section.36}{\376\377\000C\000o\000n\000c\000l\000u\000s\000i\000o\000n\000\040\000a\000n\000d\000\040\000K\000e\000y\000\040\000T\000a\000k\000e\000a\000w\000a\000y\000s}{}% 121
\BOOKMARK [2][-]{subsection.36.1}{\376\377\000D\000e\000f\000i\000n\000i\000t\000i\000o\000n\000\040\000a\000n\000d\000\040\000I\000m\000p\000o\000r\000t\000a\000n\000c\000e}{section.36}% 122
\BOOKMARK [2][-]{subsection.36.2}{\376\377\000K\000e\000y\000\040\000D\000i\000m\000e\000n\000s\000i\000o\000n\000s}{section.36}% 123
\BOOKMARK [2][-]{subsection.36.3}{\376\377\000E\000n\000d\000o\000g\000e\000n\000o\000u\000s\000\040\000N\000a\000t\000u\000r\000e\000\040\000a\000n\000d\000\040\000S\000h\000o\000c\000k\000\040\000T\000r\000a\000n\000s\000m\000i\000s\000s\000i\000o\000n}{section.36}% 124
\BOOKMARK [1][-]{section.37}{\376\377\000D\000r\000i\000v\000e\000r\000s\000\040\000a\000n\000d\000\040\000A\000m\000p\000l\000i\000f\000i\000e\000r\000s\000\040\000o\000f\000\040\000S\000y\000s\000t\000e\000m\000i\000c\000\040\000R\000i\000s\000k}{}% 125
\BOOKMARK [2][-]{subsection.37.1}{\376\377\000F\000i\000n\000a\000n\000c\000i\000a\000l\000\040\000I\000m\000b\000a\000l\000a\000n\000c\000e\000s}{section.37}% 126
\BOOKMARK [2][-]{subsection.37.2}{\376\377\000W\000h\000o\000l\000e\000s\000a\000l\000e\000\040\000M\000a\000r\000k\000e\000t\000s\000\040\000a\000n\000d\000\040\000I\000n\000t\000e\000r\000l\000i\000n\000k\000a\000g\000e\000s}{section.37}% 127
\BOOKMARK [2][-]{subsection.37.3}{\376\377\000B\000e\000l\000i\000e\000f\000s\000,\000\040\000S\000e\000n\000t\000i\000m\000e\000n\000t\000s\000,\000\040\000a\000n\000d\000\040\000A\000g\000e\000n\000c\000y\000\040\000P\000r\000o\000b\000l\000e\000m\000s}{section.37}% 128
\BOOKMARK [2][-]{subsection.37.4}{\376\377\000I\000m\000p\000a\000c\000t\000\040\000o\000f\000\040\000L\000o\000w\000\040\000I\000n\000t\000e\000r\000e\000s\000t\000\040\000R\000a\000t\000e\000s}{section.37}% 129
\BOOKMARK [1][-]{section.38}{\376\377\000C\000o\000n\000t\000a\000g\000i\000o\000n\000\040\000M\000e\000c\000h\000a\000n\000i\000s\000m\000s}{}% 130
\BOOKMARK [1][-]{section.39}{\376\377\000R\000e\000a\000l\000\040\000E\000f\000f\000e\000c\000t\000s\000\040\000o\000f\000\040\000S\000y\000s\000t\000e\000m\000i\000c\000\040\000C\000r\000i\000s\000e\000s}{}% 131
\BOOKMARK [2][-]{subsection.39.1}{\376\377\000M\000e\000c\000h\000a\000n\000i\000s\000m\000s\000\040\000o\000f\000\040\000I\000m\000p\000a\000c\000t}{section.39}% 132
\BOOKMARK [2][-]{subsection.39.2}{\376\377\000F\000i\000s\000c\000a\000l\000\040\000C\000o\000s\000t\000s}{section.39}% 133
\BOOKMARK [2][-]{subsection.39.3}{\376\377\000L\000o\000n\000g\000-\000T\000e\000r\000m\000\040\000E\000f\000f\000e\000c\000t\000s}{section.39}% 134
\BOOKMARK [2][-]{subsection.39.4}{\376\377\000P\000o\000l\000i\000c\000y\000\040\000R\000e\000s\000p\000o\000n\000s\000e\000s\000\040\000t\000o\000\040\000M\000i\000t\000i\000g\000a\000t\000e\000\040\000R\000e\000a\000l\000\040\000E\000f\000f\000e\000c\000t\000s}{section.39}% 135
\BOOKMARK [1][-]{section.40}{\376\377\000M\000e\000a\000s\000u\000r\000i\000n\000g\000\040\000S\000y\000s\000t\000e\000m\000i\000c\000\040\000R\000i\000s\000k}{}% 136
\BOOKMARK [2][-]{subsection.40.1}{\376\377\000I\000m\000p\000o\000r\000t\000a\000n\000c\000e\000\040\000a\000n\000d\000\040\000O\000b\000j\000e\000c\000t\000i\000v\000e\000s}{section.40}% 137
\BOOKMARK [2][-]{subsection.40.2}{\376\377\000D\000a\000t\000a\000\040\000R\000e\000q\000u\000i\000r\000e\000m\000e\000n\000t\000s\000\040\000a\000n\000d\000\040\000L\000i\000m\000i\000t\000a\000t\000i\000o\000n\000s}{section.40}% 138
\BOOKMARK [2][-]{subsection.40.3}{\376\377\000M\000e\000a\000s\000u\000r\000e\000m\000e\000n\000t\000\040\000A\000p\000p\000r\000o\000a\000c\000h\000e\000s}{section.40}% 139
\BOOKMARK [1][-]{section.41}{\376\377\000F\000i\000n\000a\000n\000c\000i\000a\000l\000\040\000R\000e\000g\000u\000l\000a\000t\000i\000o\000n\000\040\000a\000n\000d\000\040\000S\000y\000s\000t\000e\000m\000i\000c\000\040\000R\000i\000s\000k}{}% 140
\BOOKMARK [2][-]{subsection.41.1}{\376\377\000R\000a\000t\000i\000o\000n\000a\000l\000e\000\040\000f\000o\000r\000\040\000R\000e\000g\000u\000l\000a\000t\000i\000o\000n}{section.41}% 141
\BOOKMARK [2][-]{subsection.41.2}{\376\377\000M\000i\000c\000r\000o\000p\000r\000u\000d\000e\000n\000t\000i\000a\000l\000\040\000R\000e\000g\000u\000l\000a\000t\000i\000o\000n}{section.41}% 142
\BOOKMARK [2][-]{subsection.41.3}{\376\377\000M\000a\000c\000r\000o\000p\000r\000u\000d\000e\000n\000t\000i\000a\000l\000\040\000R\000e\000g\000u\000l\000a\000t\000i\000o\000n}{section.41}% 143
\BOOKMARK [1][-]{section.42}{\376\377\000C\000o\000n\000c\000l\000u\000s\000i\000o\000n}{}% 144
\BOOKMARK [1][-]{section.43}{\376\377\000P\000r\000o\000b\000l\000e\000m\000\040\000S\000e\000t\000\040\0007}{}% 145
\BOOKMARK [1][-]{section.44}{\376\377\000I\000n\000t\000r\000o\000d\000u\000c\000t\000i\000o\000n\000\040\000t\000o\000\040\000M\000a\000c\000r\000o\000p\000r\000u\000d\000e\000n\000t\000i\000a\000l\000\040\000P\000o\000l\000i\000c\000y}{}% 146
\BOOKMARK [2][-]{subsection.44.1}{\376\377\000D\000e\000f\000i\000n\000i\000t\000i\000o\000n\000\040\000a\000n\000d\000\040\000P\000r\000i\000m\000a\000r\000y\000\040\000O\000b\000j\000e\000c\000t\000i\000v\000e}{section.44}% 147
\BOOKMARK [2][-]{subsection.44.2}{\376\377\000N\000e\000c\000e\000s\000s\000i\000t\000y\000\040\000a\000n\000d\000\040\000G\000o\000a\000l\000s}{section.44}% 148
\BOOKMARK [1][-]{section.45}{\376\377\000M\000a\000c\000r\000o\000p\000r\000u\000d\000e\000n\000t\000i\000a\000l\000\040\000v\000s\000.\000\040\000M\000i\000c\000r\000o\000p\000r\000u\000d\000e\000n\000t\000i\000a\000l\000\040\000P\000o\000l\000i\000c\000y}{}% 149
\BOOKMARK [1][-]{section.46}{\376\377\000I\000n\000t\000e\000r\000m\000e\000d\000i\000a\000t\000e\000\040\000O\000b\000j\000e\000c\000t\000i\000v\000e\000s\000\040\000o\000f\000\040\000M\000a\000c\000r\000o\000p\000r\000u\000d\000e\000n\000t\000i\000a\000l\000\040\000P\000o\000l\000i\000c\000y\000\040\000\050\000E\000C\000B\000\040\000E\000x\000a\000m\000p\000l\000e\000\051}{}% 150
\BOOKMARK [1][-]{section.47}{\376\377\000M\000a\000c\000r\000o\000p\000r\000u\000d\000e\000n\000t\000i\000a\000l\000\040\000I\000n\000d\000i\000c\000a\000t\000o\000r\000s}{}% 151
\BOOKMARK [1][-]{section.48}{\376\377\000M\000a\000c\000r\000o\000p\000r\000u\000d\000e\000n\000t\000i\000a\000l\000\040\000I\000n\000s\000t\000r\000u\000m\000e\000n\000t\000s}{}% 152
\BOOKMARK [2][-]{subsection.48.1}{\376\377\000C\000a\000p\000i\000t\000a\000l\000-\000R\000e\000l\000a\000t\000e\000d\000\040\000M\000e\000a\000s\000u\000r\000e\000s}{section.48}% 153
\BOOKMARK [2][-]{subsection.48.2}{\376\377\000C\000r\000e\000d\000i\000t\000-\000R\000e\000l\000a\000t\000e\000d\000\040\000M\000e\000a\000s\000u\000r\000e\000s}{section.48}% 154
\BOOKMARK [2][-]{subsection.48.3}{\376\377\000L\000i\000q\000u\000i\000d\000i\000t\000y\000-\000R\000e\000l\000a\000t\000e\000d\000\040\000M\000e\000a\000s\000u\000r\000e\000s}{section.48}% 155
\BOOKMARK [2][-]{subsection.48.4}{\376\377\000I\000n\000t\000e\000r\000c\000o\000n\000n\000e\000c\000t\000e\000d\000n\000e\000s\000s\000\040\000M\000e\000a\000s\000u\000r\000e\000s}{section.48}% 156
\BOOKMARK [2][-]{subsection.48.5}{\376\377\000O\000t\000h\000e\000r\000\040\000T\000o\000o\000l\000s}{section.48}% 157
\BOOKMARK [1][-]{section.49}{\376\377\000H\000o\000w\000\040\000M\000a\000c\000r\000o\000p\000r\000u\000d\000e\000n\000t\000i\000a\000l\000\040\000I\000n\000s\000t\000r\000u\000m\000e\000n\000t\000s\000\040\000W\000o\000r\000k\000\040\000\050\000C\000h\000a\000n\000n\000e\000l\000s\000\040\000o\000f\000\040\000E\000f\000f\000e\000c\000t\000i\000v\000e\000n\000e\000s\000s\000\051}{}% 158
\BOOKMARK [1][-]{section.50}{\376\377\000I\000n\000t\000e\000r\000a\000c\000t\000i\000o\000n\000\040\000w\000i\000t\000h\000\040\000M\000o\000n\000e\000t\000a\000r\000y\000\040\000P\000o\000l\000i\000c\000y}{}% 159
\BOOKMARK [1][-]{section.51}{\376\377\000P\000o\000l\000i\000c\000y\000\040\000C\000o\000o\000r\000d\000i\000n\000a\000t\000i\000o\000n\000\040\000a\000n\000d\000\040\000I\000n\000s\000t\000i\000t\000u\000t\000i\000o\000n\000a\000l\000\040\000A\000r\000r\000a\000n\000g\000e\000m\000e\000n\000t\000s}{}% 160
\BOOKMARK [1][-]{section.52}{\376\377\000R\000e\000g\000u\000l\000a\000t\000o\000r\000y\000\040\000S\000t\000r\000u\000c\000t\000u\000r\000e\000s\000\040\000a\000n\000d\000\040\000I\000m\000p\000l\000e\000m\000e\000n\000t\000a\000t\000i\000o\000n}{}% 161
\BOOKMARK [1][-]{section.53}{\376\377\000I\000m\000p\000l\000e\000m\000e\000n\000t\000a\000t\000i\000o\000n\000\040\000C\000h\000a\000l\000l\000e\000n\000g\000e\000s\000\040\000a\000n\000d\000\040\000C\000o\000n\000s\000i\000d\000e\000r\000a\000t\000i\000o\000n\000s}{}% 162
\BOOKMARK [1][-]{section.54}{\376\377\000C\000o\000n\000c\000l\000u\000s\000i\000o\000n}{}% 163
\BOOKMARK [1][-]{section.55}{\376\377\000P\000r\000o\000b\000l\000e\000m\000\040\000S\000e\000t\000\040\0008}{}% 164
\BOOKMARK [1][-]{section.56}{\376\377\000U\000.\000S\000.\000\040\000B\000a\000n\000k\000i\000n\000g\000\040\000R\000e\000g\000u\000l\000a\000t\000i\000o\000n\000\040\000a\000n\000d\000\040\000S\000u\000p\000e\000r\000v\000i\000s\000i\000o\000n}{}% 165
\BOOKMARK [1][-]{section.57}{\376\377\000F\000e\000d\000e\000r\000a\000l\000\040\000D\000e\000p\000o\000s\000i\000t\000\040\000I\000n\000s\000u\000r\000a\000n\000c\000e\000\040\000\050\000F\000D\000I\000C\000\051}{}% 166
\BOOKMARK [1][-]{section.58}{\376\377\000D\000e\000p\000o\000s\000i\000t\000\040\000I\000n\000s\000u\000r\000a\000n\000c\000e\000\040\000S\000y\000s\000t\000e\000m\000s\000\040\000i\000n\000\040\000t\000h\000e\000\040\000C\000a\000r\000i\000b\000b\000e\000a\000n\000\040\000\050\000E\000C\000C\000U\000\040\000\046\000\040\000C\000A\000R\000I\000C\000O\000M\000\051}{}% 167
\BOOKMARK [1][-]{section.59}{\376\377\000T\000h\000e\000\040\000D\000o\000d\000d\000-\000F\000r\000a\000n\000k\000\040\000A\000c\000t}{}% 168
\BOOKMARK [1][-]{section.60}{\376\377\000T\000h\000e\000\040\000B\000a\000s\000e\000l\000\040\000F\000r\000a\000m\000e\000w\000o\000r\000k}{}% 169
\BOOKMARK [1][-]{section.61}{\376\377\000A\000d\000a\000p\000t\000i\000n\000g\000\040\000t\000o\000\040\000F\000i\000n\000a\000n\000c\000i\000a\000l\000\040\000I\000n\000n\000o\000v\000a\000t\000i\000o\000n\000\040\000a\000n\000d\000\040\000F\000u\000t\000u\000r\000e\000\040\000C\000h\000a\000l\000l\000e\000n\000g\000e\000s}{}% 170
\BOOKMARK [1][-]{section.62}{\376\377\000P\000r\000o\000b\000l\000e\000m\000\040\000S\000e\000t\000\040\0009}{}% 171
